{"uuid":"55ddf56f-93db-496c-b3f2-13b4deccf715","historyId":"2d2fc57675243c2cdea1b12e5b02a0aa","fullName":"src/test/resources/features/selectRandomStore.feature:3","labels":[{"name":"host","value":"Sadk-MacBook-Pro.local"},{"name":"thread","value":"73173@Sadk-MacBook-Pro.local.main(1)"},{"name":"feature","value":"Mağaza işlemleri"},{"name":"story","value":"Girilen harf ile başlayan mağazalar sıralanır"},{"name":"suite","value":"Mağaza işlemleri"},{"name":"testClass","value":"Girilen harf ile başlayan mağazalar sıralanır"},{"name":"framework","value":"cucumber4jvm"},{"name":"language","value":"java"},{"name":"gherkin_uri","value":"file:///Users/erdem/IdeaProjects/n11CaseWorking/src/test/resources/features/selectRandomStore.feature"},{"name":"package","value":"src.test.resources.features.selectRandomStore_feature.Mağaza işlemleri"}],"links":[],"name":"Girilen harf ile başlayan mağazalar sıralanır","status":"broken","statusDetails":{"known":false,"muted":false,"flaky":false,"message":"Error {\n  message='Element is not attached to the DOM\n  name='Error\n  stack='Error: Element is not attached to the DOM\n    at throwRetargetableDOMError (/private/var/folders/lg/1cwhblss04g6mlybt1n7c2340000gn/T/playwright-java-11007416406897540497/package/lib/server/dom.js:816:46)\n    at ElementHandle._waitAndScrollIntoViewIfNeeded (/private/var/folders/lg/1cwhblss04g6mlybt1n7c2340000gn/T/playwright-java-11007416406897540497/package/lib/server/dom.js:194:16)\n    at async ProgressController.run (/private/var/folders/lg/1cwhblss04g6mlybt1n7c2340000gn/T/playwright-java-11007416406897540497/package/lib/server/progress.js:82:22)\n    at async ElementHandleDispatcher.scrollIntoViewIfNeeded (/private/var/folders/lg/1cwhblss04g6mlybt1n7c2340000gn/T/playwright-java-11007416406897540497/package/lib/server/dispatchers/elementHandlerDispatcher.js:121:5)\n    at async LongStandingScope._race (/private/var/folders/lg/1cwhblss04g6mlybt1n7c2340000gn/T/playwright-java-11007416406897540497/package/lib/utils/manualPromise.js:96:14)\n    at async ElementHandleDispatcher._handleCommand (/private/var/folders/lg/1cwhblss04g6mlybt1n7c2340000gn/T/playwright-java-11007416406897540497/package/lib/server/dispatchers/dispatcher.js:96:14)\n    at async DispatcherConnection.dispatch (/private/var/folders/lg/1cwhblss04g6mlybt1n7c2340000gn/T/playwright-java-11007416406897540497/package/lib/server/dispatchers/dispatcher.js:361:22)\n}\nCall log:\n- attempting scroll into view action\n-   waiting for element to be stable\n","trace":"com.microsoft.playwright.PlaywrightException: Error {\n  message='Element is not attached to the DOM\n  name='Error\n  stack='Error: Element is not attached to the DOM\n    at throwRetargetableDOMError (/private/var/folders/lg/1cwhblss04g6mlybt1n7c2340000gn/T/playwright-java-11007416406897540497/package/lib/server/dom.js:816:46)\n    at ElementHandle._waitAndScrollIntoViewIfNeeded (/private/var/folders/lg/1cwhblss04g6mlybt1n7c2340000gn/T/playwright-java-11007416406897540497/package/lib/server/dom.js:194:16)\n    at async ProgressController.run (/private/var/folders/lg/1cwhblss04g6mlybt1n7c2340000gn/T/playwright-java-11007416406897540497/package/lib/server/progress.js:82:22)\n    at async ElementHandleDispatcher.scrollIntoViewIfNeeded (/private/var/folders/lg/1cwhblss04g6mlybt1n7c2340000gn/T/playwright-java-11007416406897540497/package/lib/server/dispatchers/elementHandlerDispatcher.js:121:5)\n    at async LongStandingScope._race (/private/var/folders/lg/1cwhblss04g6mlybt1n7c2340000gn/T/playwright-java-11007416406897540497/package/lib/utils/manualPromise.js:96:14)\n    at async ElementHandleDispatcher._handleCommand (/private/var/folders/lg/1cwhblss04g6mlybt1n7c2340000gn/T/playwright-java-11007416406897540497/package/lib/server/dispatchers/dispatcher.js:96:14)\n    at async DispatcherConnection.dispatch (/private/var/folders/lg/1cwhblss04g6mlybt1n7c2340000gn/T/playwright-java-11007416406897540497/package/lib/server/dispatchers/dispatcher.js:361:22)\n}\nCall log:\n- attempting scroll into view action\n-   waiting for element to be stable\n\n\tat com.microsoft.playwright.impl.WaitableResult.get(WaitableResult.java:56)\n\tat com.microsoft.playwright.impl.ChannelOwner.runUntil(ChannelOwner.java:132)\n\tat com.microsoft.playwright.impl.Connection.sendMessage(Connection.java:130)\n\tat com.microsoft.playwright.impl.ChannelOwner.sendMessage(ChannelOwner.java:118)\n\tat com.microsoft.playwright.impl.ElementHandleImpl.scrollIntoViewIfNeededImpl(ElementHandleImpl.java:400)\n\tat com.microsoft.playwright.impl.ElementHandleImpl.lambda$scrollIntoViewIfNeeded$26(ElementHandleImpl.java:362)\n\tat com.microsoft.playwright.impl.LoggingSupport.lambda$withLogging$0(LoggingSupport.java:36)\n\tat com.microsoft.playwright.impl.LoggingSupport.withLogging(LoggingSupport.java:47)\n\tat com.microsoft.playwright.impl.ChannelOwner.withLogging(ChannelOwner.java:97)\n\tat com.microsoft.playwright.impl.LoggingSupport.withLogging(LoggingSupport.java:35)\n\tat com.microsoft.playwright.impl.ElementHandleImpl.scrollIntoViewIfNeeded(ElementHandleImpl.java:362)\n\tat com.microsoft.playwright.impl.LocatorImpl.lambda$scrollIntoViewIfNeeded$5(LocatorImpl.java:477)\n\tat com.microsoft.playwright.impl.LocatorImpl.withElement(LocatorImpl.java:86)\n\tat com.microsoft.playwright.impl.LocatorImpl.scrollIntoViewIfNeeded(LocatorImpl.java:476)\n\tat com.microsoft.playwright.Locator.scrollIntoViewIfNeeded(Locator.java:4322)\n\tat pages.MagazalarPage.clickRandomSeller(MagazalarPage.java:58)\n\tat steps.selectRandomStoreSteps.ile_baslayan_magazalar_aranir(selectRandomStoreSteps.java:44)\n\tat ✽.\"B\" ile başlayan mağazalar aranır(file:///Users/erdem/IdeaProjects/n11CaseWorking/src/test/resources/features/selectRandomStore.feature:5)\nCaused by: com.microsoft.playwright.impl.DriverException: Error {\n  message='Element is not attached to the DOM\n  name='Error\n  stack='Error: Element is not attached to the DOM\n    at throwRetargetableDOMError (/private/var/folders/lg/1cwhblss04g6mlybt1n7c2340000gn/T/playwright-java-11007416406897540497/package/lib/server/dom.js:816:46)\n    at ElementHandle._waitAndScrollIntoViewIfNeeded (/private/var/folders/lg/1cwhblss04g6mlybt1n7c2340000gn/T/playwright-java-11007416406897540497/package/lib/server/dom.js:194:16)\n    at async ProgressController.run (/private/var/folders/lg/1cwhblss04g6mlybt1n7c2340000gn/T/playwright-java-11007416406897540497/package/lib/server/progress.js:82:22)\n    at async ElementHandleDispatcher.scrollIntoViewIfNeeded (/private/var/folders/lg/1cwhblss04g6mlybt1n7c2340000gn/T/playwright-java-11007416406897540497/package/lib/server/dispatchers/elementHandlerDispatcher.js:121:5)\n    at async LongStandingScope._race (/private/var/folders/lg/1cwhblss04g6mlybt1n7c2340000gn/T/playwright-java-11007416406897540497/package/lib/utils/manualPromise.js:96:14)\n    at async ElementHandleDispatcher._handleCommand (/private/var/folders/lg/1cwhblss04g6mlybt1n7c2340000gn/T/playwright-java-11007416406897540497/package/lib/server/dispatchers/dispatcher.js:96:14)\n    at async DispatcherConnection.dispatch (/private/var/folders/lg/1cwhblss04g6mlybt1n7c2340000gn/T/playwright-java-11007416406897540497/package/lib/server/dispatchers/dispatcher.js:361:22)\n}\nCall log:\n- attempting scroll into view action\n-   waiting for element to be stable\n\n\tat com.microsoft.playwright.impl.Connection.dispatch(Connection.java:259)\n\tat com.microsoft.playwright.impl.Connection.processOneMessage(Connection.java:211)\n\tat com.microsoft.playwright.impl.ChannelOwner.runUntil(ChannelOwner.java:130)\n\tat com.microsoft.playwright.impl.Connection.sendMessage(Connection.java:130)\n\tat com.microsoft.playwright.impl.ChannelOwner.sendMessage(ChannelOwner.java:118)\n\tat com.microsoft.playwright.impl.ElementHandleImpl.scrollIntoViewIfNeededImpl(ElementHandleImpl.java:400)\n\tat com.microsoft.playwright.impl.ElementHandleImpl.lambda$scrollIntoViewIfNeeded$26(ElementHandleImpl.java:362)\n\tat com.microsoft.playwright.impl.LoggingSupport.lambda$withLogging$0(LoggingSupport.java:36)\n\tat com.microsoft.playwright.impl.LoggingSupport.withLogging(LoggingSupport.java:47)\n\tat com.microsoft.playwright.impl.ChannelOwner.withLogging(ChannelOwner.java:97)\n\tat com.microsoft.playwright.impl.LoggingSupport.withLogging(LoggingSupport.java:35)\n\tat com.microsoft.playwright.impl.ElementHandleImpl.scrollIntoViewIfNeeded(ElementHandleImpl.java:362)\n\tat com.microsoft.playwright.impl.LocatorImpl.lambda$scrollIntoViewIfNeeded$5(LocatorImpl.java:477)\n\tat com.microsoft.playwright.impl.LocatorImpl.withElement(LocatorImpl.java:86)\n\tat com.microsoft.playwright.impl.LocatorImpl.scrollIntoViewIfNeeded(LocatorImpl.java:476)\n\tat com.microsoft.playwright.Locator.scrollIntoViewIfNeeded(Locator.java:4322)\n\tat pages.MagazalarPage.clickRandomSeller(MagazalarPage.java:58)\n\tat steps.selectRandomStoreSteps.ile_baslayan_magazalar_aranir(selectRandomStoreSteps.java:44)\n\tat java.base/jdk.internal.reflect.NativeMethodAccessorImpl.invoke0(Native Method)\n\tat java.base/jdk.internal.reflect.NativeMethodAccessorImpl.invoke(NativeMethodAccessorImpl.java:62)\n\tat java.base/jdk.internal.reflect.DelegatingMethodAccessorImpl.invoke(DelegatingMethodAccessorImpl.java:43)\n\tat java.base/java.lang.reflect.Method.invoke(Method.java:566)\n\tat io.cucumber.java.Invoker.doInvoke(Invoker.java:66)\n\tat io.cucumber.java.Invoker.invoke(Invoker.java:24)\n\tat io.cucumber.java.AbstractGlueDefinition.invokeMethod(AbstractGlueDefinition.java:47)\n\tat io.cucumber.java.JavaStepDefinition.execute(JavaStepDefinition.java:29)\n\tat io.cucumber.core.runner.CoreStepDefinition.execute(CoreStepDefinition.java:66)\n\tat io.cucumber.core.runner.PickleStepDefinitionMatch.runStep(PickleStepDefinitionMatch.java:63)\n\tat io.cucumber.core.runner.ExecutionMode$1.execute(ExecutionMode.java:10)\n\tat io.cucumber.core.runner.TestStep.executeStep(TestStep.java:84)\n\tat io.cucumber.core.runner.TestStep.run(TestStep.java:56)\n\tat io.cucumber.core.runner.PickleStepTestStep.run(PickleStepTestStep.java:51)\n\tat io.cucumber.core.runner.TestCase.run(TestCase.java:84)\n\tat io.cucumber.core.runner.Runner.runPickle(Runner.java:75)\n\tat io.cucumber.junit.PickleRunners$NoStepDescriptions.lambda$run$0(PickleRunners.java:151)\n\tat io.cucumber.core.runtime.CucumberExecutionContext.lambda$runTestCase$5(CucumberExecutionContext.java:137)\n\tat io.cucumber.core.runtime.RethrowingThrowableCollector.executeAndThrow(RethrowingThrowableCollector.java:23)\n\tat io.cucumber.core.runtime.CucumberExecutionContext.runTestCase(CucumberExecutionContext.java:137)\n\tat io.cucumber.junit.PickleRunners$NoStepDescriptions.run(PickleRunners.java:148)\n\tat io.cucumber.junit.FeatureRunner.runChild(FeatureRunner.java:144)\n\tat io.cucumber.junit.FeatureRunner.runChild(FeatureRunner.java:28)\n\tat org.junit.runners.ParentRunner$4.run(ParentRunner.java:331)\n\tat org.junit.runners.ParentRunner$1.schedule(ParentRunner.java:79)\n\tat org.junit.runners.ParentRunner.runChildren(ParentRunner.java:329)\n\tat org.junit.runners.ParentRunner.access$100(ParentRunner.java:66)\n\tat org.junit.runners.ParentRunner$2.evaluate(ParentRunner.java:293)\n\tat org.junit.runners.ParentRunner$3.evaluate(ParentRunner.java:306)\n\tat org.junit.runners.ParentRunner.run(ParentRunner.java:413)\n\tat io.cucumber.junit.FeatureRunner.run(FeatureRunner.java:137)\n\tat io.cucumber.junit.Cucumber.runChild(Cucumber.java:196)\n\tat io.cucumber.junit.Cucumber.runChild(Cucumber.java:89)\n\tat org.junit.runners.ParentRunner$4.run(ParentRunner.java:331)\n\tat org.junit.runners.ParentRunner$1.schedule(ParentRunner.java:79)\n\tat org.junit.runners.ParentRunner.runChildren(ParentRunner.java:329)\n\tat org.junit.runners.ParentRunner.access$100(ParentRunner.java:66)\n\tat org.junit.runners.ParentRunner$2.evaluate(ParentRunner.java:293)\n\tat io.cucumber.core.runtime.CucumberExecutionContext.lambda$runFeatures$6(CucumberExecutionContext.java:148)\n\tat io.cucumber.core.runtime.CucumberExecutionContext.execute(CucumberExecutionContext.java:163)\n\tat io.cucumber.core.runtime.CucumberExecutionContext.runFeatures(CucumberExecutionContext.java:146)\n\tat io.cucumber.junit.Cucumber$StartAndFinishTestRun.evaluate(Cucumber.java:226)\n\tat org.junit.runners.ParentRunner$3.evaluate(ParentRunner.java:306)\n\tat org.junit.runners.ParentRunner.run(ParentRunner.java:413)\n\tat org.junit.runner.JUnitCore.run(JUnitCore.java:137)\n\tat com.intellij.junit4.JUnit4IdeaTestRunner.startRunnerWithArgs(JUnit4IdeaTestRunner.java:69)\n\tat com.intellij.rt.junit.IdeaTestRunner$Repeater.startRunnerWithArgs(IdeaTestRunner.java:33)\n\tat com.intellij.rt.junit.JUnitStarter.prepareStreamsAndStart(JUnitStarter.java:235)\n\tat com.intellij.rt.junit.JUnitStarter.main(JUnitStarter.java:54)\n"},"stage":"finished","steps":[{"name":"Given  Kullanıcı n11 mağazalar sayfasını açar","status":"passed","statusDetails":{"known":false,"muted":false,"flaky":false},"stage":"finished","steps":[],"attachments":[],"parameters":[],"start":1765457926161,"stop":1765457931665},{"name":"When  \"B\" ile başlayan mağazalar aranır","status":"broken","statusDetails":{"known":false,"muted":false,"flaky":false,"message":"Error {\n  message='Element is not attached to the DOM\n  name='Error\n  stack='Error: Element is not attached to the DOM\n    at throwRetargetableDOMError (/private/var/folders/lg/1cwhblss04g6mlybt1n7c2340000gn/T/playwright-java-11007416406897540497/package/lib/server/dom.js:816:46)\n    at ElementHandle._waitAndScrollIntoViewIfNeeded (/private/var/folders/lg/1cwhblss04g6mlybt1n7c2340000gn/T/playwright-java-11007416406897540497/package/lib/server/dom.js:194:16)\n    at async ProgressController.run (/private/var/folders/lg/1cwhblss04g6mlybt1n7c2340000gn/T/playwright-java-11007416406897540497/package/lib/server/progress.js:82:22)\n    at async ElementHandleDispatcher.scrollIntoViewIfNeeded (/private/var/folders/lg/1cwhblss04g6mlybt1n7c2340000gn/T/playwright-java-11007416406897540497/package/lib/server/dispatchers/elementHandlerDispatcher.js:121:5)\n    at async LongStandingScope._race (/private/var/folders/lg/1cwhblss04g6mlybt1n7c2340000gn/T/playwright-java-11007416406897540497/package/lib/utils/manualPromise.js:96:14)\n    at async ElementHandleDispatcher._handleCommand (/private/var/folders/lg/1cwhblss04g6mlybt1n7c2340000gn/T/playwright-java-11007416406897540497/package/lib/server/dispatchers/dispatcher.js:96:14)\n    at async DispatcherConnection.dispatch (/private/var/folders/lg/1cwhblss04g6mlybt1n7c2340000gn/T/playwright-java-11007416406897540497/package/lib/server/dispatchers/dispatcher.js:361:22)\n}\nCall log:\n- attempting scroll into view action\n-   waiting for element to be stable\n","trace":"com.microsoft.playwright.PlaywrightException: Error {\n  message='Element is not attached to the DOM\n  name='Error\n  stack='Error: Element is not attached to the DOM\n    at throwRetargetableDOMError (/private/var/folders/lg/1cwhblss04g6mlybt1n7c2340000gn/T/playwright-java-11007416406897540497/package/lib/server/dom.js:816:46)\n    at ElementHandle._waitAndScrollIntoViewIfNeeded (/private/var/folders/lg/1cwhblss04g6mlybt1n7c2340000gn/T/playwright-java-11007416406897540497/package/lib/server/dom.js:194:16)\n    at async ProgressController.run (/private/var/folders/lg/1cwhblss04g6mlybt1n7c2340000gn/T/playwright-java-11007416406897540497/package/lib/server/progress.js:82:22)\n    at async ElementHandleDispatcher.scrollIntoViewIfNeeded (/private/var/folders/lg/1cwhblss04g6mlybt1n7c2340000gn/T/playwright-java-11007416406897540497/package/lib/server/dispatchers/elementHandlerDispatcher.js:121:5)\n    at async LongStandingScope._race (/private/var/folders/lg/1cwhblss04g6mlybt1n7c2340000gn/T/playwright-java-11007416406897540497/package/lib/utils/manualPromise.js:96:14)\n    at async ElementHandleDispatcher._handleCommand (/private/var/folders/lg/1cwhblss04g6mlybt1n7c2340000gn/T/playwright-java-11007416406897540497/package/lib/server/dispatchers/dispatcher.js:96:14)\n    at async DispatcherConnection.dispatch (/private/var/folders/lg/1cwhblss04g6mlybt1n7c2340000gn/T/playwright-java-11007416406897540497/package/lib/server/dispatchers/dispatcher.js:361:22)\n}\nCall log:\n- attempting scroll into view action\n-   waiting for element to be stable\n\n\tat com.microsoft.playwright.impl.WaitableResult.get(WaitableResult.java:56)\n\tat com.microsoft.playwright.impl.ChannelOwner.runUntil(ChannelOwner.java:132)\n\tat com.microsoft.playwright.impl.Connection.sendMessage(Connection.java:130)\n\tat com.microsoft.playwright.impl.ChannelOwner.sendMessage(ChannelOwner.java:118)\n\tat com.microsoft.playwright.impl.ElementHandleImpl.scrollIntoViewIfNeededImpl(ElementHandleImpl.java:400)\n\tat com.microsoft.playwright.impl.ElementHandleImpl.lambda$scrollIntoViewIfNeeded$26(ElementHandleImpl.java:362)\n\tat com.microsoft.playwright.impl.LoggingSupport.lambda$withLogging$0(LoggingSupport.java:36)\n\tat com.microsoft.playwright.impl.LoggingSupport.withLogging(LoggingSupport.java:47)\n\tat com.microsoft.playwright.impl.ChannelOwner.withLogging(ChannelOwner.java:97)\n\tat com.microsoft.playwright.impl.LoggingSupport.withLogging(LoggingSupport.java:35)\n\tat com.microsoft.playwright.impl.ElementHandleImpl.scrollIntoViewIfNeeded(ElementHandleImpl.java:362)\n\tat com.microsoft.playwright.impl.LocatorImpl.lambda$scrollIntoViewIfNeeded$5(LocatorImpl.java:477)\n\tat com.microsoft.playwright.impl.LocatorImpl.withElement(LocatorImpl.java:86)\n\tat com.microsoft.playwright.impl.LocatorImpl.scrollIntoViewIfNeeded(LocatorImpl.java:476)\n\tat com.microsoft.playwright.Locator.scrollIntoViewIfNeeded(Locator.java:4322)\n\tat pages.MagazalarPage.clickRandomSeller(MagazalarPage.java:58)\n\tat steps.selectRandomStoreSteps.ile_baslayan_magazalar_aranir(selectRandomStoreSteps.java:44)\n\tat ✽.\"B\" ile başlayan mağazalar aranır(file:///Users/erdem/IdeaProjects/n11CaseWorking/src/test/resources/features/selectRandomStore.feature:5)\nCaused by: com.microsoft.playwright.impl.DriverException: Error {\n  message='Element is not attached to the DOM\n  name='Error\n  stack='Error: Element is not attached to the DOM\n    at throwRetargetableDOMError (/private/var/folders/lg/1cwhblss04g6mlybt1n7c2340000gn/T/playwright-java-11007416406897540497/package/lib/server/dom.js:816:46)\n    at ElementHandle._waitAndScrollIntoViewIfNeeded (/private/var/folders/lg/1cwhblss04g6mlybt1n7c2340000gn/T/playwright-java-11007416406897540497/package/lib/server/dom.js:194:16)\n    at async ProgressController.run (/private/var/folders/lg/1cwhblss04g6mlybt1n7c2340000gn/T/playwright-java-11007416406897540497/package/lib/server/progress.js:82:22)\n    at async ElementHandleDispatcher.scrollIntoViewIfNeeded (/private/var/folders/lg/1cwhblss04g6mlybt1n7c2340000gn/T/playwright-java-11007416406897540497/package/lib/server/dispatchers/elementHandlerDispatcher.js:121:5)\n    at async LongStandingScope._race (/private/var/folders/lg/1cwhblss04g6mlybt1n7c2340000gn/T/playwright-java-11007416406897540497/package/lib/utils/manualPromise.js:96:14)\n    at async ElementHandleDispatcher._handleCommand (/private/var/folders/lg/1cwhblss04g6mlybt1n7c2340000gn/T/playwright-java-11007416406897540497/package/lib/server/dispatchers/dispatcher.js:96:14)\n    at async DispatcherConnection.dispatch (/private/var/folders/lg/1cwhblss04g6mlybt1n7c2340000gn/T/playwright-java-11007416406897540497/package/lib/server/dispatchers/dispatcher.js:361:22)\n}\nCall log:\n- attempting scroll into view action\n-   waiting for element to be stable\n\n\tat com.microsoft.playwright.impl.Connection.dispatch(Connection.java:259)\n\tat com.microsoft.playwright.impl.Connection.processOneMessage(Connection.java:211)\n\tat com.microsoft.playwright.impl.ChannelOwner.runUntil(ChannelOwner.java:130)\n\tat com.microsoft.playwright.impl.Connection.sendMessage(Connection.java:130)\n\tat com.microsoft.playwright.impl.ChannelOwner.sendMessage(ChannelOwner.java:118)\n\tat com.microsoft.playwright.impl.ElementHandleImpl.scrollIntoViewIfNeededImpl(ElementHandleImpl.java:400)\n\tat com.microsoft.playwright.impl.ElementHandleImpl.lambda$scrollIntoViewIfNeeded$26(ElementHandleImpl.java:362)\n\tat com.microsoft.playwright.impl.LoggingSupport.lambda$withLogging$0(LoggingSupport.java:36)\n\tat com.microsoft.playwright.impl.LoggingSupport.withLogging(LoggingSupport.java:47)\n\tat com.microsoft.playwright.impl.ChannelOwner.withLogging(ChannelOwner.java:97)\n\tat com.microsoft.playwright.impl.LoggingSupport.withLogging(LoggingSupport.java:35)\n\tat com.microsoft.playwright.impl.ElementHandleImpl.scrollIntoViewIfNeeded(ElementHandleImpl.java:362)\n\tat com.microsoft.playwright.impl.LocatorImpl.lambda$scrollIntoViewIfNeeded$5(LocatorImpl.java:477)\n\tat com.microsoft.playwright.impl.LocatorImpl.withElement(LocatorImpl.java:86)\n\tat com.microsoft.playwright.impl.LocatorImpl.scrollIntoViewIfNeeded(LocatorImpl.java:476)\n\tat com.microsoft.playwright.Locator.scrollIntoViewIfNeeded(Locator.java:4322)\n\tat pages.MagazalarPage.clickRandomSeller(MagazalarPage.java:58)\n\tat steps.selectRandomStoreSteps.ile_baslayan_magazalar_aranir(selectRandomStoreSteps.java:44)\n\tat java.base/jdk.internal.reflect.NativeMethodAccessorImpl.invoke0(Native Method)\n\tat java.base/jdk.internal.reflect.NativeMethodAccessorImpl.invoke(NativeMethodAccessorImpl.java:62)\n\tat java.base/jdk.internal.reflect.DelegatingMethodAccessorImpl.invoke(DelegatingMethodAccessorImpl.java:43)\n\tat java.base/java.lang.reflect.Method.invoke(Method.java:566)\n\tat io.cucumber.java.Invoker.doInvoke(Invoker.java:66)\n\tat io.cucumber.java.Invoker.invoke(Invoker.java:24)\n\tat io.cucumber.java.AbstractGlueDefinition.invokeMethod(AbstractGlueDefinition.java:47)\n\tat io.cucumber.java.JavaStepDefinition.execute(JavaStepDefinition.java:29)\n\tat io.cucumber.core.runner.CoreStepDefinition.execute(CoreStepDefinition.java:66)\n\tat io.cucumber.core.runner.PickleStepDefinitionMatch.runStep(PickleStepDefinitionMatch.java:63)\n\tat io.cucumber.core.runner.ExecutionMode$1.execute(ExecutionMode.java:10)\n\tat io.cucumber.core.runner.TestStep.executeStep(TestStep.java:84)\n\tat io.cucumber.core.runner.TestStep.run(TestStep.java:56)\n\tat io.cucumber.core.runner.PickleStepTestStep.run(PickleStepTestStep.java:51)\n\tat io.cucumber.core.runner.TestCase.run(TestCase.java:84)\n\tat io.cucumber.core.runner.Runner.runPickle(Runner.java:75)\n\tat io.cucumber.junit.PickleRunners$NoStepDescriptions.lambda$run$0(PickleRunners.java:151)\n\tat io.cucumber.core.runtime.CucumberExecutionContext.lambda$runTestCase$5(CucumberExecutionContext.java:137)\n\tat io.cucumber.core.runtime.RethrowingThrowableCollector.executeAndThrow(RethrowingThrowableCollector.java:23)\n\tat io.cucumber.core.runtime.CucumberExecutionContext.runTestCase(CucumberExecutionContext.java:137)\n\tat io.cucumber.junit.PickleRunners$NoStepDescriptions.run(PickleRunners.java:148)\n\tat io.cucumber.junit.FeatureRunner.runChild(FeatureRunner.java:144)\n\tat io.cucumber.junit.FeatureRunner.runChild(FeatureRunner.java:28)\n\tat org.junit.runners.ParentRunner$4.run(ParentRunner.java:331)\n\tat org.junit.runners.ParentRunner$1.schedule(ParentRunner.java:79)\n\tat org.junit.runners.ParentRunner.runChildren(ParentRunner.java:329)\n\tat org.junit.runners.ParentRunner.access$100(ParentRunner.java:66)\n\tat org.junit.runners.ParentRunner$2.evaluate(ParentRunner.java:293)\n\tat org.junit.runners.ParentRunner$3.evaluate(ParentRunner.java:306)\n\tat org.junit.runners.ParentRunner.run(ParentRunner.java:413)\n\tat io.cucumber.junit.FeatureRunner.run(FeatureRunner.java:137)\n\tat io.cucumber.junit.Cucumber.runChild(Cucumber.java:196)\n\tat io.cucumber.junit.Cucumber.runChild(Cucumber.java:89)\n\tat org.junit.runners.ParentRunner$4.run(ParentRunner.java:331)\n\tat org.junit.runners.ParentRunner$1.schedule(ParentRunner.java:79)\n\tat org.junit.runners.ParentRunner.runChildren(ParentRunner.java:329)\n\tat org.junit.runners.ParentRunner.access$100(ParentRunner.java:66)\n\tat org.junit.runners.ParentRunner$2.evaluate(ParentRunner.java:293)\n\tat io.cucumber.core.runtime.CucumberExecutionContext.lambda$runFeatures$6(CucumberExecutionContext.java:148)\n\tat io.cucumber.core.runtime.CucumberExecutionContext.execute(CucumberExecutionContext.java:163)\n\tat io.cucumber.core.runtime.CucumberExecutionContext.runFeatures(CucumberExecutionContext.java:146)\n\tat io.cucumber.junit.Cucumber$StartAndFinishTestRun.evaluate(Cucumber.java:226)\n\tat org.junit.runners.ParentRunner$3.evaluate(ParentRunner.java:306)\n\tat org.junit.runners.ParentRunner.run(ParentRunner.java:413)\n\tat org.junit.runner.JUnitCore.run(JUnitCore.java:137)\n\tat com.intellij.junit4.JUnit4IdeaTestRunner.startRunnerWithArgs(JUnit4IdeaTestRunner.java:69)\n\tat com.intellij.rt.junit.IdeaTestRunner$Repeater.startRunnerWithArgs(IdeaTestRunner.java:33)\n\tat com.intellij.rt.junit.JUnitStarter.prepareStreamsAndStart(JUnitStarter.java:235)\n\tat com.intellij.rt.junit.JUnitStarter.main(JUnitStarter.java:54)\n"},"stage":"finished","steps":[],"attachments":[],"parameters":[],"start":1765457931665,"stop":1765457933566},{"name":"Then  Mağaza isim kontrolü yapılır","status":"skipped","statusDetails":{"known":false,"muted":false,"flaky":false},"stage":"finished","steps":[],"attachments":[],"parameters":[],"start":1765457933568,"stop":1765457933571}],"attachments":[],"parameters":[],"start":1765457923979,"stop":1765457933939}