<?xml version="1.0" encoding="UTF-8"?>
<testsuite xmlns:xsi="http://www.w3.org/2001/XMLSchema-instance" xsi:noNamespaceSchemaLocation="https://maven.apache.org/surefire/maven-surefire-plugin/xsd/surefire-test-report-3.0.xsd" version="3.0" name="runners.TestRunner" time="8.025" tests="1" errors="0" skipped="0" failures="0">
  <properties>
[...]
</properties>
  <testcase name="Open n11 store page" classname="N11 Store Navigation" time="7.804">
    <system-out><![CDATA[
Scenario: Open n11 store page                  &amp#27;[90m# src/test/resources/features/n11CaseWorking.feature:3&amp#27;[0m
Sayfa açıldı: https://www.n11.com/magazalar
  &amp#27;[32mGiven &amp#27;[0m&amp#27;[32mKullanıcı n11 mağazalar sayfasını açar&amp#27;[0m &amp#27;[90m# steps.InitialSteps.kullanici_n11_magazalar_sayfasini_acar()&amp#27;[0m
]]></system-out>
  </testcase>
</testsuite>